  generateHtml.c
C:\Users\User\source\repos\processProject\processProject\generateHtml.c(40,15): warning C4267: '+=': conversion from 'size_t' to 'int', possible loss of data
C:\Users\User\source\repos\processProject\processProject\generateHtml.c(61,27): warning C4047: '=': 'char' differs in levels of indirection from 'void *'
C:\Users\User\source\repos\processProject\processProject\generateHtml.c(102,27): warning C4047: '=': 'char' differs in levels of indirection from 'void *'
C:\Users\User\source\repos\processProject\processProject\generateHtml.c(104,59): warning C4047: '=': 'char' differs in levels of indirection from 'void *'
C:\Users\User\source\repos\processProject\processProject\generateHtml.c(99,19): warning C4244: 'initializing': conversion from '__int64' to 'int', possible loss of data
C:\Users\User\source\repos\processProject\processProject\generateHtml.c(122,28): warning C4477: 'sprintf' : format string '%u' requires an argument of type 'unsigned int', but variadic argument 3 has type 'size_t'
C:\Users\User\source\repos\processProject\processProject\generateHtml.c(122,28): message : consider using '%zu' in the format string
C:\Users\User\source\repos\processProject\processProject\generateHtml.c(130,26): warning C4047: '=': 'char' differs in levels of indirection from 'void *'
C:\Users\User\source\repos\processProject\processProject\generateHtml.c(133,53): warning C4047: '=': 'char' differs in levels of indirection from 'void *'
C:\Users\User\source\repos\processProject\processProject\generateHtml.c(126,18): warning C4244: 'initializing': conversion from '__int64' to 'int', possible loss of data
C:\Users\User\source\repos\processProject\processProject\generateHtml.c(158,26): warning C4047: '=': 'char' differs in levels of indirection from 'void *'
C:\Users\User\source\repos\processProject\processProject\generateHtml.c(161,56): warning C4047: '=': 'char' differs in levels of indirection from 'void *'
C:\Users\User\source\repos\processProject\processProject\generateHtml.c(154,18): warning C4244: 'initializing': conversion from '__int64' to 'int', possible loss of data
C:\Users\User\source\repos\processProject\processProject\generateHtml.c(189,26): warning C4047: '=': 'char' differs in levels of indirection from 'void *'
C:\Users\User\source\repos\processProject\processProject\generateHtml.c(192,55): warning C4047: '=': 'char' differs in levels of indirection from 'void *'
C:\Users\User\source\repos\processProject\processProject\generateHtml.c(185,18): warning C4244: 'initializing': conversion from '__int64' to 'int', possible loss of data
C:\Users\User\source\repos\processProject\processProject\generateHtml.c(210,37): warning C4477: 'sprintf' : format string '%u' requires an argument of type 'unsigned int', but variadic argument 4 has type 'SIZE_T'
C:\Users\User\source\repos\processProject\processProject\generateHtml.c(210,37): message : consider using '%llu' in the format string
C:\Users\User\source\repos\processProject\processProject\generateHtml.c(210,37): message : consider using '%Iu' in the format string
C:\Users\User\source\repos\processProject\processProject\generateHtml.c(210,37): message : consider using '%I64u' in the format string
C:\Users\User\source\repos\processProject\processProject\generateHtml.c(210,37): warning C4477: 'sprintf' : format string '%u' requires an argument of type 'unsigned int', but variadic argument 5 has type 'SIZE_T'
C:\Users\User\source\repos\processProject\processProject\generateHtml.c(210,37): message : consider using '%llu' in the format string
C:\Users\User\source\repos\processProject\processProject\generateHtml.c(210,37): message : consider using '%Iu' in the format string
C:\Users\User\source\repos\processProject\processProject\generateHtml.c(210,37): message : consider using '%I64u' in the format string
C:\Users\User\source\repos\processProject\processProject\generateHtml.c(210,37): warning C4477: 'sprintf' : format string '%u' requires an argument of type 'unsigned int', but variadic argument 6 has type 'SIZE_T'
C:\Users\User\source\repos\processProject\processProject\generateHtml.c(210,37): message : consider using '%llu' in the format string
C:\Users\User\source\repos\processProject\processProject\generateHtml.c(210,37): message : consider using '%Iu' in the format string
C:\Users\User\source\repos\processProject\processProject\generateHtml.c(210,37): message : consider using '%I64u' in the format string
C:\Users\User\source\repos\processProject\processProject\generateHtml.c(210,37): warning C4477: 'sprintf' : format string '%u' requires an argument of type 'unsigned int', but variadic argument 7 has type 'SIZE_T'
C:\Users\User\source\repos\processProject\processProject\generateHtml.c(210,37): message : consider using '%llu' in the format string
C:\Users\User\source\repos\processProject\processProject\generateHtml.c(210,37): message : consider using '%Iu' in the format string
C:\Users\User\source\repos\processProject\processProject\generateHtml.c(210,37): message : consider using '%I64u' in the format string
C:\Users\User\source\repos\processProject\processProject\generateHtml.c(224,29): warning C4047: '=': 'char' differs in levels of indirection from 'void *'
C:\Users\User\source\repos\processProject\processProject\generateHtml.c(226,62): warning C4047: '=': 'char' differs in levels of indirection from 'void *'
C:\Users\User\source\repos\processProject\processProject\generateHtml.c(241,15): warning C4244: '=': conversion from '__int64' to 'int', possible loss of data
C:\Users\User\source\repos\processProject\processProject\generateHtml.c(245,26): warning C4047: '=': 'char' differs in levels of indirection from 'void *'
C:\Users\User\source\repos\processProject\processProject\generateHtml.c(248,55): warning C4047: '=': 'char' differs in levels of indirection from 'void *'
C:\Users\User\source\repos\processProject\processProject\generateHtml.c(221,18): warning C4244: 'initializing': conversion from '__int64' to 'int', possible loss of data
C:\Users\User\source\repos\processProject\processProject\generateHtml.c(24): warning C4715: 'SaveIntoFile': not all control paths return a value
  processProject.vcxproj -> C:\Users\User\source\repos\processProject\x64\Debug\processProject.exe
