  generateHtml.c
C:\Users\User\source\repos\processProject\processProject\generateHtml.c(38,15): warning C4267: '+=': conversion from 'size_t' to 'int', possible loss of data
C:\Users\User\source\repos\processProject\processProject\generateHtml.c(59,27): warning C4047: '=': 'char' differs in levels of indirection from 'void *'
C:\Users\User\source\repos\processProject\processProject\generateHtml.c(75,46): warning C4020: 'changeDllTable': too many actual parameters
C:\Users\User\source\repos\processProject\processProject\generateHtml.c(88,28): warning C4477: 'sprintf' : format string '%u' requires an argument of type 'unsigned int', but variadic argument 3 has type 'size_t'
C:\Users\User\source\repos\processProject\processProject\generateHtml.c(88,28): message : consider using '%zu' in the format string
C:\Users\User\source\repos\processProject\processProject\generateHtml.c(96,26): warning C4047: '=': 'char' differs in levels of indirection from 'void *'
C:\Users\User\source\repos\processProject\processProject\generateHtml.c(99,53): warning C4047: '=': 'char' differs in levels of indirection from 'void *'
C:\Users\User\source\repos\processProject\processProject\generateHtml.c(92,18): warning C4244: 'initializing': conversion from '__int64' to 'int', possible loss of data
C:\Users\User\source\repos\processProject\processProject\generateHtml.c(124,26): warning C4047: '=': 'char' differs in levels of indirection from 'void *'
C:\Users\User\source\repos\processProject\processProject\generateHtml.c(127,56): warning C4047: '=': 'char' differs in levels of indirection from 'void *'
C:\Users\User\source\repos\processProject\processProject\generateHtml.c(120,18): warning C4244: 'initializing': conversion from '__int64' to 'int', possible loss of data
C:\Users\User\source\repos\processProject\processProject\generateHtml.c(141,23): warning C4047: '=': 'char' differs in levels of indirection from 'void *'
C:\Users\User\source\repos\processProject\processProject\generateHtml.c(158,26): warning C4047: '=': 'char' differs in levels of indirection from 'void *'
C:\Users\User\source\repos\processProject\processProject\generateHtml.c(161,50): warning C4047: '=': 'char' differs in levels of indirection from 'void *'
C:\Users\User\source\repos\processProject\processProject\generateHtml.c(154,18): warning C4244: 'initializing': conversion from '__int64' to 'int', possible loss of data
C:\Users\User\source\repos\processProject\processProject\generateHtml.c(182,11): warning C4098: 'WRITE_SAMPLE_PAGES': 'void' function returning a value
C:\Users\User\source\repos\processProject\processProject\generateHtml.c(202,37): warning C4477: 'sprintf' : format string '%u' requires an argument of type 'unsigned int', but variadic argument 4 has type 'SIZE_T'
C:\Users\User\source\repos\processProject\processProject\generateHtml.c(202,37): message : consider using '%llu' in the format string
C:\Users\User\source\repos\processProject\processProject\generateHtml.c(202,37): message : consider using '%Iu' in the format string
C:\Users\User\source\repos\processProject\processProject\generateHtml.c(202,37): message : consider using '%I64u' in the format string
C:\Users\User\source\repos\processProject\processProject\generateHtml.c(202,37): warning C4477: 'sprintf' : format string '%u' requires an argument of type 'unsigned int', but variadic argument 5 has type 'SIZE_T'
C:\Users\User\source\repos\processProject\processProject\generateHtml.c(202,37): message : consider using '%llu' in the format string
C:\Users\User\source\repos\processProject\processProject\generateHtml.c(202,37): message : consider using '%Iu' in the format string
C:\Users\User\source\repos\processProject\processProject\generateHtml.c(202,37): message : consider using '%I64u' in the format string
C:\Users\User\source\repos\processProject\processProject\generateHtml.c(202,37): warning C4477: 'sprintf' : format string '%u' requires an argument of type 'unsigned int', but variadic argument 6 has type 'SIZE_T'
C:\Users\User\source\repos\processProject\processProject\generateHtml.c(202,37): message : consider using '%llu' in the format string
C:\Users\User\source\repos\processProject\processProject\generateHtml.c(202,37): message : consider using '%Iu' in the format string
C:\Users\User\source\repos\processProject\processProject\generateHtml.c(202,37): message : consider using '%I64u' in the format string
C:\Users\User\source\repos\processProject\processProject\generateHtml.c(202,37): warning C4477: 'sprintf' : format string '%u' requires an argument of type 'unsigned int', but variadic argument 7 has type 'SIZE_T'
C:\Users\User\source\repos\processProject\processProject\generateHtml.c(202,37): message : consider using '%llu' in the format string
C:\Users\User\source\repos\processProject\processProject\generateHtml.c(202,37): message : consider using '%Iu' in the format string
C:\Users\User\source\repos\processProject\processProject\generateHtml.c(202,37): message : consider using '%I64u' in the format string
C:\Users\User\source\repos\processProject\processProject\generateHtml.c(22): warning C4715: 'SaveIntoFile': not all control paths return a value
  processProject.vcxproj -> C:\Users\User\source\repos\processProject\x64\Debug\processProject.exe
